2025-09-08 11:21:43,656 - MainThread - sqlmesh.core.config.connection - INFO - Creating new DuckDB adapter for data files: {'db.db'} (connection.py:316)
2025-09-08 11:21:45,096 - MainThread - sqlmesh.core.config.connection - INFO - Creating new DuckDB adapter for in-memory database (connection.py:318)
2025-09-08 11:21:45,136 - MainThread - sqlmesh.core.config.connection - INFO - Using existing DuckDB adapter due to overlapping data file: db.db (connection.py:306)
2025-09-08 11:21:45,183 - MainThread - sqlmesh.core.state_sync.db.migrator - INFO - Applying migration <module 'sqlmesh.migrations.v0001_init' from 'C:\\Users\\h.boulaayad\\AppData\\Local\\Programs\\Python\\Python313\\Lib\\site-packages\\sqlmesh\\migrations\\v0001_init.py'> (migrator.py:177)
2025-09-08 11:21:45,195 - MainThread - sqlmesh.core.state_sync.db.migrator - INFO - Applying migration <module 'sqlmesh.migrations.v0002_remove_identify' from 'C:\\Users\\h.boulaayad\\AppData\\Local\\Programs\\Python\\Python313\\Lib\\site-packages\\sqlmesh\\migrations\\v0002_remove_identify.py'> (migrator.py:177)
2025-09-08 11:21:45,195 - MainThread - sqlmesh.core.state_sync.db.migrator - INFO - Applying migration <module 'sqlmesh.migrations.v0003_move_batch_size' from 'C:\\Users\\h.boulaayad\\AppData\\Local\\Programs\\Python\\Python313\\Lib\\site-packages\\sqlmesh\\migrations\\v0003_move_batch_size.py'> (migrator.py:177)
2025-09-08 11:21:45,196 - MainThread - sqlmesh.core.state_sync.db.migrator - INFO - Applying migration <module 'sqlmesh.migrations.v0004_environmnent_add_finalized_at' from 'C:\\Users\\h.boulaayad\\AppData\\Local\\Programs\\Python\\Python313\\Lib\\site-packages\\sqlmesh\\migrations\\v0004_environmnent_add_finalized_at.py'> (migrator.py:177)
2025-09-08 11:21:45,198 - MainThread - sqlmesh.core.state_sync.db.migrator - INFO - Applying migration <module 'sqlmesh.migrations.v0005_create_seed_table' from 'C:\\Users\\h.boulaayad\\AppData\\Local\\Programs\\Python\\Python313\\Lib\\site-packages\\sqlmesh\\migrations\\v0005_create_seed_table.py'> (migrator.py:177)
2025-09-08 11:21:45,199 - MainThread - sqlmesh.core.state_sync.db.migrator - INFO - Applying migration <module 'sqlmesh.migrations.v0006_change_seed_hash' from 'C:\\Users\\h.boulaayad\\AppData\\Local\\Programs\\Python\\Python313\\Lib\\site-packages\\sqlmesh\\migrations\\v0006_change_seed_hash.py'> (migrator.py:177)
2025-09-08 11:21:45,199 - MainThread - sqlmesh.core.state_sync.db.migrator - INFO - Applying migration <module 'sqlmesh.migrations.v0007_env_table_info_to_kind' from 'C:\\Users\\h.boulaayad\\AppData\\Local\\Programs\\Python\\Python313\\Lib\\site-packages\\sqlmesh\\migrations\\v0007_env_table_info_to_kind.py'> (migrator.py:177)
2025-09-08 11:21:45,201 - MainThread - sqlmesh.core.state_sync.db.migrator - INFO - Applying migration <module 'sqlmesh.migrations.v0008_create_intervals_table' from 'C:\\Users\\h.boulaayad\\AppData\\Local\\Programs\\Python\\Python313\\Lib\\site-packages\\sqlmesh\\migrations\\v0008_create_intervals_table.py'> (migrator.py:177)
2025-09-08 11:21:45,203 - MainThread - sqlmesh.core.state_sync.db.migrator - INFO - Applying migration <module 'sqlmesh.migrations.v0009_remove_pre_post_hooks' from 'C:\\Users\\h.boulaayad\\AppData\\Local\\Programs\\Python\\Python313\\Lib\\site-packages\\sqlmesh\\migrations\\v0009_remove_pre_post_hooks.py'> (migrator.py:177)
2025-09-08 11:21:45,204 - MainThread - sqlmesh.core.state_sync.db.migrator - INFO - Applying migration <module 'sqlmesh.migrations.v0010_seed_hash_batch_size' from 'C:\\Users\\h.boulaayad\\AppData\\Local\\Programs\\Python\\Python313\\Lib\\site-packages\\sqlmesh\\migrations\\v0010_seed_hash_batch_size.py'> (migrator.py:177)
2025-09-08 11:21:45,204 - MainThread - sqlmesh.core.state_sync.db.migrator - INFO - Applying migration <module 'sqlmesh.migrations.v0011_add_model_kind_name' from 'C:\\Users\\h.boulaayad\\AppData\\Local\\Programs\\Python\\Python313\\Lib\\site-packages\\sqlmesh\\migrations\\v0011_add_model_kind_name.py'> (migrator.py:177)
2025-09-08 11:21:45,206 - MainThread - sqlmesh.core.state_sync.db.migrator - INFO - Applying migration <module 'sqlmesh.migrations.v0012_update_jinja_expressions' from 'C:\\Users\\h.boulaayad\\AppData\\Local\\Programs\\Python\\Python313\\Lib\\site-packages\\sqlmesh\\migrations\\v0012_update_jinja_expressions.py'> (migrator.py:177)
2025-09-08 11:21:45,207 - MainThread - sqlmesh.core.state_sync.db.migrator - INFO - Applying migration <module 'sqlmesh.migrations.v0013_serde_using_model_dialects' from 'C:\\Users\\h.boulaayad\\AppData\\Local\\Programs\\Python\\Python313\\Lib\\site-packages\\sqlmesh\\migrations\\v0013_serde_using_model_dialects.py'> (migrator.py:177)
2025-09-08 11:21:45,208 - MainThread - sqlmesh.core.state_sync.db.migrator - INFO - Applying migration <module 'sqlmesh.migrations.v0014_fix_dev_intervals' from 'C:\\Users\\h.boulaayad\\AppData\\Local\\Programs\\Python\\Python313\\Lib\\site-packages\\sqlmesh\\migrations\\v0014_fix_dev_intervals.py'> (migrator.py:177)
2025-09-08 11:21:45,209 - MainThread - sqlmesh.core.state_sync.db.migrator - INFO - Applying migration <module 'sqlmesh.migrations.v0015_environment_add_promoted_snapshot_ids' from 'C:\\Users\\h.boulaayad\\AppData\\Local\\Programs\\Python\\Python313\\Lib\\site-packages\\sqlmesh\\migrations\\v0015_environment_add_promoted_snapshot_ids.py'> (migrator.py:177)
2025-09-08 11:21:45,211 - MainThread - sqlmesh.core.state_sync.db.migrator - INFO - Applying migration <module 'sqlmesh.migrations.v0016_fix_windows_path' from 'C:\\Users\\h.boulaayad\\AppData\\Local\\Programs\\Python\\Python313\\Lib\\site-packages\\sqlmesh\\migrations\\v0016_fix_windows_path.py'> (migrator.py:177)
2025-09-08 11:21:45,212 - MainThread - sqlmesh.core.state_sync.db.migrator - INFO - Applying migration <module 'sqlmesh.migrations.v0017_fix_windows_seed_path' from 'C:\\Users\\h.boulaayad\\AppData\\Local\\Programs\\Python\\Python313\\Lib\\site-packages\\sqlmesh\\migrations\\v0017_fix_windows_seed_path.py'> (migrator.py:177)
2025-09-08 11:21:45,212 - MainThread - sqlmesh.core.state_sync.db.migrator - INFO - Applying migration <module 'sqlmesh.migrations.v0018_rename_snapshot_model_to_node' from 'C:\\Users\\h.boulaayad\\AppData\\Local\\Programs\\Python\\Python313\\Lib\\site-packages\\sqlmesh\\migrations\\v0018_rename_snapshot_model_to_node.py'> (migrator.py:177)
2025-09-08 11:21:45,213 - MainThread - sqlmesh.core.state_sync.db.migrator - INFO - Applying migration <module 'sqlmesh.migrations.v0019_add_env_suffix_target' from 'C:\\Users\\h.boulaayad\\AppData\\Local\\Programs\\Python\\Python313\\Lib\\site-packages\\sqlmesh\\migrations\\v0019_add_env_suffix_target.py'> (migrator.py:177)
2025-09-08 11:21:45,215 - MainThread - sqlmesh.core.state_sync.db.migrator - INFO - Applying migration <module 'sqlmesh.migrations.v0020_remove_redundant_attributes_from_dbt_models' from 'C:\\Users\\h.boulaayad\\AppData\\Local\\Programs\\Python\\Python313\\Lib\\site-packages\\sqlmesh\\migrations\\v0020_remove_redundant_attributes_from_dbt_models.py'> (migrator.py:177)
2025-09-08 11:21:45,216 - MainThread - sqlmesh.core.state_sync.db.migrator - INFO - Applying migration <module 'sqlmesh.migrations.v0021_fix_table_properties' from 'C:\\Users\\h.boulaayad\\AppData\\Local\\Programs\\Python\\Python313\\Lib\\site-packages\\sqlmesh\\migrations\\v0021_fix_table_properties.py'> (migrator.py:177)
2025-09-08 11:21:45,217 - MainThread - sqlmesh.core.state_sync.db.migrator - INFO - Applying migration <module 'sqlmesh.migrations.v0022_move_project_to_model' from 'C:\\Users\\h.boulaayad\\AppData\\Local\\Programs\\Python\\Python313\\Lib\\site-packages\\sqlmesh\\migrations\\v0022_move_project_to_model.py'> (migrator.py:177)
2025-09-08 11:21:45,218 - MainThread - sqlmesh.core.state_sync.db.migrator - INFO - Applying migration <module 'sqlmesh.migrations.v0023_fix_added_models_with_forward_only_parents' from 'C:\\Users\\h.boulaayad\\AppData\\Local\\Programs\\Python\\Python313\\Lib\\site-packages\\sqlmesh\\migrations\\v0023_fix_added_models_with_forward_only_parents.py'> (migrator.py:177)
2025-09-08 11:21:45,219 - MainThread - sqlmesh.core.state_sync.db.migrator - INFO - Applying migration <module 'sqlmesh.migrations.v0024_replace_model_kind_name_enum_with_value' from 'C:\\Users\\h.boulaayad\\AppData\\Local\\Programs\\Python\\Python313\\Lib\\site-packages\\sqlmesh\\migrations\\v0024_replace_model_kind_name_enum_with_value.py'> (migrator.py:177)
2025-09-08 11:21:45,220 - MainThread - sqlmesh.core.state_sync.db.migrator - INFO - Applying migration <module 'sqlmesh.migrations.v0025_fix_intervals_and_missing_change_category' from 'C:\\Users\\h.boulaayad\\AppData\\Local\\Programs\\Python\\Python313\\Lib\\site-packages\\sqlmesh\\migrations\\v0025_fix_intervals_and_missing_change_category.py'> (migrator.py:177)
2025-09-08 11:21:45,221 - MainThread - sqlmesh.core.state_sync.db.migrator - INFO - Applying migration <module 'sqlmesh.migrations.v0026_remove_dialect_from_seed' from 'C:\\Users\\h.boulaayad\\AppData\\Local\\Programs\\Python\\Python313\\Lib\\site-packages\\sqlmesh\\migrations\\v0026_remove_dialect_from_seed.py'> (migrator.py:177)
2025-09-08 11:21:45,222 - MainThread - sqlmesh.core.state_sync.db.migrator - INFO - Applying migration <module 'sqlmesh.migrations.v0027_minute_interval_to_five' from 'C:\\Users\\h.boulaayad\\AppData\\Local\\Programs\\Python\\Python313\\Lib\\site-packages\\sqlmesh\\migrations\\v0027_minute_interval_to_five.py'> (migrator.py:177)
2025-09-08 11:21:45,222 - MainThread - sqlmesh.core.state_sync.db.migrator - INFO - Applying migration <module 'sqlmesh.migrations.v0028_add_plan_dags_table' from 'C:\\Users\\h.boulaayad\\AppData\\Local\\Programs\\Python\\Python313\\Lib\\site-packages\\sqlmesh\\migrations\\v0028_add_plan_dags_table.py'> (migrator.py:177)
2025-09-08 11:21:45,225 - MainThread - sqlmesh.core.state_sync.db.migrator - INFO - Applying migration <module 'sqlmesh.migrations.v0029_generate_schema_types_using_dialect' from 'C:\\Users\\h.boulaayad\\AppData\\Local\\Programs\\Python\\Python313\\Lib\\site-packages\\sqlmesh\\migrations\\v0029_generate_schema_types_using_dialect.py'> (migrator.py:177)
2025-09-08 11:21:45,226 - MainThread - sqlmesh.core.state_sync.db.migrator - INFO - Applying migration <module 'sqlmesh.migrations.v0030_update_unrestorable_snapshots' from 'C:\\Users\\h.boulaayad\\AppData\\Local\\Programs\\Python\\Python313\\Lib\\site-packages\\sqlmesh\\migrations\\v0030_update_unrestorable_snapshots.py'> (migrator.py:177)
2025-09-08 11:21:45,227 - MainThread - sqlmesh.core.state_sync.db.migrator - INFO - Applying migration <module 'sqlmesh.migrations.v0031_remove_dbt_target_fields' from 'C:\\Users\\h.boulaayad\\AppData\\Local\\Programs\\Python\\Python313\\Lib\\site-packages\\sqlmesh\\migrations\\v0031_remove_dbt_target_fields.py'> (migrator.py:177)
2025-09-08 11:21:45,228 - MainThread - sqlmesh.core.state_sync.db.migrator - INFO - Applying migration <module 'sqlmesh.migrations.v0032_add_sqlmesh_version' from 'C:\\Users\\h.boulaayad\\AppData\\Local\\Programs\\Python\\Python313\\Lib\\site-packages\\sqlmesh\\migrations\\v0032_add_sqlmesh_version.py'> (migrator.py:177)
2025-09-08 11:21:45,230 - MainThread - sqlmesh.core.state_sync.db.migrator - INFO - Applying migration <module 'sqlmesh.migrations.v0033_mysql_fix_blob_text_type' from 'C:\\Users\\h.boulaayad\\AppData\\Local\\Programs\\Python\\Python313\\Lib\\site-packages\\sqlmesh\\migrations\\v0033_mysql_fix_blob_text_type.py'> (migrator.py:177)
2025-09-08 11:21:45,230 - MainThread - sqlmesh.core.state_sync.db.migrator - INFO - Applying migration <module 'sqlmesh.migrations.v0034_add_default_catalog' from 'C:\\Users\\h.boulaayad\\AppData\\Local\\Programs\\Python\\Python313\\Lib\\site-packages\\sqlmesh\\migrations\\v0034_add_default_catalog.py'> (migrator.py:177)
2025-09-08 11:21:45,234 - MainThread - sqlmesh.core.state_sync.db.migrator - INFO - Applying migration <module 'sqlmesh.migrations.v0035_add_catalog_name_override' from 'C:\\Users\\h.boulaayad\\AppData\\Local\\Programs\\Python\\Python313\\Lib\\site-packages\\sqlmesh\\migrations\\v0035_add_catalog_name_override.py'> (migrator.py:177)
2025-09-08 11:21:45,236 - MainThread - sqlmesh.core.state_sync.db.migrator - INFO - Applying migration <module 'sqlmesh.migrations.v0036_delete_plan_dags_bug_fix' from 'C:\\Users\\h.boulaayad\\AppData\\Local\\Programs\\Python\\Python313\\Lib\\site-packages\\sqlmesh\\migrations\\v0036_delete_plan_dags_bug_fix.py'> (migrator.py:177)
2025-09-08 11:21:45,236 - MainThread - sqlmesh.core.state_sync.db.migrator - INFO - Applying migration <module 'sqlmesh.migrations.v0037_remove_dbt_is_incremental_macro' from 'C:\\Users\\h.boulaayad\\AppData\\Local\\Programs\\Python\\Python313\\Lib\\site-packages\\sqlmesh\\migrations\\v0037_remove_dbt_is_incremental_macro.py'> (migrator.py:177)
2025-09-08 11:21:45,238 - MainThread - sqlmesh.core.state_sync.db.migrator - INFO - Applying migration <module 'sqlmesh.migrations.v0038_add_expiration_ts_to_snapshot' from 'C:\\Users\\h.boulaayad\\AppData\\Local\\Programs\\Python\\Python313\\Lib\\site-packages\\sqlmesh\\migrations\\v0038_add_expiration_ts_to_snapshot.py'> (migrator.py:177)
2025-09-08 11:21:45,240 - MainThread - sqlmesh.core.state_sync.db.migrator - INFO - Applying migration <module 'sqlmesh.migrations.v0039_include_environment_in_plan_dag_spec' from 'C:\\Users\\h.boulaayad\\AppData\\Local\\Programs\\Python\\Python313\\Lib\\site-packages\\sqlmesh\\migrations\\v0039_include_environment_in_plan_dag_spec.py'> (migrator.py:177)
2025-09-08 11:21:45,241 - MainThread - sqlmesh.core.state_sync.db.migrator - INFO - Applying migration <module 'sqlmesh.migrations.v0040_add_previous_finalized_snapshots' from 'C:\\Users\\h.boulaayad\\AppData\\Local\\Programs\\Python\\Python313\\Lib\\site-packages\\sqlmesh\\migrations\\v0040_add_previous_finalized_snapshots.py'> (migrator.py:177)
2025-09-08 11:21:45,243 - MainThread - sqlmesh.core.state_sync.db.migrator - INFO - Applying migration <module 'sqlmesh.migrations.v0041_remove_hash_raw_query_attribute' from 'C:\\Users\\h.boulaayad\\AppData\\Local\\Programs\\Python\\Python313\\Lib\\site-packages\\sqlmesh\\migrations\\v0041_remove_hash_raw_query_attribute.py'> (migrator.py:177)
2025-09-08 11:21:45,245 - MainThread - sqlmesh.core.state_sync.db.migrator - INFO - Applying migration <module 'sqlmesh.migrations.v0042_trim_indirect_versions' from 'C:\\Users\\h.boulaayad\\AppData\\Local\\Programs\\Python\\Python313\\Lib\\site-packages\\sqlmesh\\migrations\\v0042_trim_indirect_versions.py'> (migrator.py:177)
2025-09-08 11:21:45,246 - MainThread - sqlmesh.core.state_sync.db.migrator - INFO - Applying migration <module 'sqlmesh.migrations.v0043_fix_remove_obsolete_attributes_in_plan_dags' from 'C:\\Users\\h.boulaayad\\AppData\\Local\\Programs\\Python\\Python313\\Lib\\site-packages\\sqlmesh\\migrations\\v0043_fix_remove_obsolete_attributes_in_plan_dags.py'> (migrator.py:177)
2025-09-08 11:21:45,246 - MainThread - sqlmesh.core.state_sync.db.migrator - INFO - Applying migration <module 'sqlmesh.migrations.v0044_quote_identifiers_in_model_attributes' from 'C:\\Users\\h.boulaayad\\AppData\\Local\\Programs\\Python\\Python313\\Lib\\site-packages\\sqlmesh\\migrations\\v0044_quote_identifiers_in_model_attributes.py'> (migrator.py:177)
2025-09-08 11:21:45,246 - MainThread - sqlmesh.core.state_sync.db.migrator - INFO - Applying migration <module 'sqlmesh.migrations.v0045_move_gateway_variable' from 'C:\\Users\\h.boulaayad\\AppData\\Local\\Programs\\Python\\Python313\\Lib\\site-packages\\sqlmesh\\migrations\\v0045_move_gateway_variable.py'> (migrator.py:177)
2025-09-08 11:21:45,247 - MainThread - sqlmesh.core.state_sync.db.migrator - INFO - Applying migration <module 'sqlmesh.migrations.v0046_add_batch_concurrency' from 'C:\\Users\\h.boulaayad\\AppData\\Local\\Programs\\Python\\Python313\\Lib\\site-packages\\sqlmesh\\migrations\\v0046_add_batch_concurrency.py'> (migrator.py:177)
2025-09-08 11:21:45,247 - MainThread - sqlmesh.core.state_sync.db.migrator - INFO - Applying migration <module 'sqlmesh.migrations.v0047_change_scd_string_to_column' from 'C:\\Users\\h.boulaayad\\AppData\\Local\\Programs\\Python\\Python313\\Lib\\site-packages\\sqlmesh\\migrations\\v0047_change_scd_string_to_column.py'> (migrator.py:177)
2025-09-08 11:21:45,247 - MainThread - sqlmesh.core.state_sync.db.migrator - INFO - Applying migration <module 'sqlmesh.migrations.v0048_drop_indirect_versions' from 'C:\\Users\\h.boulaayad\\AppData\\Local\\Programs\\Python\\Python313\\Lib\\site-packages\\sqlmesh\\migrations\\v0048_drop_indirect_versions.py'> (migrator.py:177)
2025-09-08 11:21:45,248 - MainThread - sqlmesh.core.state_sync.db.migrator - INFO - Applying migration <module 'sqlmesh.migrations.v0049_replace_identifier_with_version_in_seeds_table' from 'C:\\Users\\h.boulaayad\\AppData\\Local\\Programs\\Python\\Python313\\Lib\\site-packages\\sqlmesh\\migrations\\v0049_replace_identifier_with_version_in_seeds_table.py'> (migrator.py:177)
2025-09-08 11:21:45,259 - MainThread - sqlmesh.core.state_sync.db.migrator - INFO - Applying migration <module 'sqlmesh.migrations.v0050_drop_seeds_table' from 'C:\\Users\\h.boulaayad\\AppData\\Local\\Programs\\Python\\Python313\\Lib\\site-packages\\sqlmesh\\migrations\\v0050_drop_seeds_table.py'> (migrator.py:177)
2025-09-08 11:21:45,261 - MainThread - sqlmesh.core.state_sync.db.migrator - INFO - Applying migration <module 'sqlmesh.migrations.v0051_rename_column_descriptions' from 'C:\\Users\\h.boulaayad\\AppData\\Local\\Programs\\Python\\Python313\\Lib\\site-packages\\sqlmesh\\migrations\\v0051_rename_column_descriptions.py'> (migrator.py:177)
2025-09-08 11:21:45,262 - MainThread - sqlmesh.core.state_sync.db.migrator - INFO - Applying migration <module 'sqlmesh.migrations.v0052_add_normalize_name_in_environment_naming_info' from 'C:\\Users\\h.boulaayad\\AppData\\Local\\Programs\\Python\\Python313\\Lib\\site-packages\\sqlmesh\\migrations\\v0052_add_normalize_name_in_environment_naming_info.py'> (migrator.py:177)
2025-09-08 11:21:45,265 - MainThread - sqlmesh.core.state_sync.db.migrator - INFO - Applying migration <module 'sqlmesh.migrations.v0053_custom_model_kind_extra_attributes' from 'C:\\Users\\h.boulaayad\\AppData\\Local\\Programs\\Python\\Python313\\Lib\\site-packages\\sqlmesh\\migrations\\v0053_custom_model_kind_extra_attributes.py'> (migrator.py:177)
2025-09-08 11:21:45,265 - MainThread - sqlmesh.core.state_sync.db.migrator - INFO - Applying migration <module 'sqlmesh.migrations.v0054_fix_trailing_comments' from 'C:\\Users\\h.boulaayad\\AppData\\Local\\Programs\\Python\\Python313\\Lib\\site-packages\\sqlmesh\\migrations\\v0054_fix_trailing_comments.py'> (migrator.py:177)
2025-09-08 11:21:45,265 - MainThread - sqlmesh.core.state_sync.db.migrator - INFO - Applying migration <module 'sqlmesh.migrations.v0055_add_updated_ts_unpaused_ts_ttl_ms_unrestorable_to_snapshot' from 'C:\\Users\\h.boulaayad\\AppData\\Local\\Programs\\Python\\Python313\\Lib\\site-packages\\sqlmesh\\migrations\\v0055_add_updated_ts_unpaused_ts_ttl_ms_unrestorable_to_snapshot.py'> (migrator.py:177)
2025-09-08 11:21:45,275 - MainThread - sqlmesh.core.state_sync.db.migrator - INFO - Applying migration <module 'sqlmesh.migrations.v0056_restore_table_indexes' from 'C:\\Users\\h.boulaayad\\AppData\\Local\\Programs\\Python\\Python313\\Lib\\site-packages\\sqlmesh\\migrations\\v0056_restore_table_indexes.py'> (migrator.py:177)
2025-09-08 11:21:45,275 - MainThread - sqlmesh.core.state_sync.db.migrator - INFO - Applying migration <module 'sqlmesh.migrations.v0057_add_table_format' from 'C:\\Users\\h.boulaayad\\AppData\\Local\\Programs\\Python\\Python313\\Lib\\site-packages\\sqlmesh\\migrations\\v0057_add_table_format.py'> (migrator.py:177)
2025-09-08 11:21:45,275 - MainThread - sqlmesh.core.state_sync.db.migrator - INFO - Applying migration <module 'sqlmesh.migrations.v0058_add_requirements' from 'C:\\Users\\h.boulaayad\\AppData\\Local\\Programs\\Python\\Python313\\Lib\\site-packages\\sqlmesh\\migrations\\v0058_add_requirements.py'> (migrator.py:177)
2025-09-08 11:21:45,277 - MainThread - sqlmesh.core.state_sync.db.migrator - INFO - Applying migration <module 'sqlmesh.migrations.v0059_add_physical_version' from 'C:\\Users\\h.boulaayad\\AppData\\Local\\Programs\\Python\\Python313\\Lib\\site-packages\\sqlmesh\\migrations\\v0059_add_physical_version.py'> (migrator.py:177)
2025-09-08 11:21:45,277 - MainThread - sqlmesh.core.state_sync.db.migrator - INFO - Applying migration <module 'sqlmesh.migrations.v0060_move_audits_to_model' from 'C:\\Users\\h.boulaayad\\AppData\\Local\\Programs\\Python\\Python313\\Lib\\site-packages\\sqlmesh\\migrations\\v0060_move_audits_to_model.py'> (migrator.py:177)
2025-09-08 11:21:45,278 - MainThread - sqlmesh.core.state_sync.db.migrator - INFO - Applying migration <module 'sqlmesh.migrations.v0061_mysql_fix_blob_text_type' from 'C:\\Users\\h.boulaayad\\AppData\\Local\\Programs\\Python\\Python313\\Lib\\site-packages\\sqlmesh\\migrations\\v0061_mysql_fix_blob_text_type.py'> (migrator.py:177)
2025-09-08 11:21:45,278 - MainThread - sqlmesh.core.state_sync.db.migrator - INFO - Applying migration <module 'sqlmesh.migrations.v0062_add_model_gateway' from 'C:\\Users\\h.boulaayad\\AppData\\Local\\Programs\\Python\\Python313\\Lib\\site-packages\\sqlmesh\\migrations\\v0062_add_model_gateway.py'> (migrator.py:177)
2025-09-08 11:21:45,278 - MainThread - sqlmesh.core.state_sync.db.migrator - INFO - Applying migration <module 'sqlmesh.migrations.v0063_change_signals' from 'C:\\Users\\h.boulaayad\\AppData\\Local\\Programs\\Python\\Python313\\Lib\\site-packages\\sqlmesh\\migrations\\v0063_change_signals.py'> (migrator.py:177)
2025-09-08 11:21:45,280 - MainThread - sqlmesh.core.state_sync.db.migrator - INFO - Applying migration <module 'sqlmesh.migrations.v0064_join_when_matched_strings' from 'C:\\Users\\h.boulaayad\\AppData\\Local\\Programs\\Python\\Python313\\Lib\\site-packages\\sqlmesh\\migrations\\v0064_join_when_matched_strings.py'> (migrator.py:177)
2025-09-08 11:21:45,281 - MainThread - sqlmesh.core.state_sync.db.migrator - INFO - Applying migration <module 'sqlmesh.migrations.v0065_add_model_optimize' from 'C:\\Users\\h.boulaayad\\AppData\\Local\\Programs\\Python\\Python313\\Lib\\site-packages\\sqlmesh\\migrations\\v0065_add_model_optimize.py'> (migrator.py:177)
2025-09-08 11:21:45,281 - MainThread - sqlmesh.core.state_sync.db.migrator - INFO - Applying migration <module 'sqlmesh.migrations.v0066_add_auto_restatements' from 'C:\\Users\\h.boulaayad\\AppData\\Local\\Programs\\Python\\Python313\\Lib\\site-packages\\sqlmesh\\migrations\\v0066_add_auto_restatements.py'> (migrator.py:177)
2025-09-08 11:21:45,285 - MainThread - sqlmesh.core.state_sync.db.migrator - INFO - Applying migration <module 'sqlmesh.migrations.v0067_add_tsql_date_full_precision' from 'C:\\Users\\h.boulaayad\\AppData\\Local\\Programs\\Python\\Python313\\Lib\\site-packages\\sqlmesh\\migrations\\v0067_add_tsql_date_full_precision.py'> (migrator.py:177)
2025-09-08 11:21:45,285 - MainThread - sqlmesh.core.state_sync.db.migrator - INFO - Applying migration <module 'sqlmesh.migrations.v0068_include_unrendered_query_in_metadata_hash' from 'C:\\Users\\h.boulaayad\\AppData\\Local\\Programs\\Python\\Python313\\Lib\\site-packages\\sqlmesh\\migrations\\v0068_include_unrendered_query_in_metadata_hash.py'> (migrator.py:177)
2025-09-08 11:21:45,285 - MainThread - sqlmesh.core.state_sync.db.migrator - INFO - Applying migration <module 'sqlmesh.migrations.v0069_update_dev_table_suffix' from 'C:\\Users\\h.boulaayad\\AppData\\Local\\Programs\\Python\\Python313\\Lib\\site-packages\\sqlmesh\\migrations\\v0069_update_dev_table_suffix.py'> (migrator.py:177)
2025-09-08 11:21:45,288 - MainThread - sqlmesh.core.state_sync.db.migrator - INFO - Applying migration <module 'sqlmesh.migrations.v0070_include_grains_in_metadata_hash' from 'C:\\Users\\h.boulaayad\\AppData\\Local\\Programs\\Python\\Python313\\Lib\\site-packages\\sqlmesh\\migrations\\v0070_include_grains_in_metadata_hash.py'> (migrator.py:177)
2025-09-08 11:21:45,288 - MainThread - sqlmesh.core.state_sync.db.migrator - INFO - Applying migration <module 'sqlmesh.migrations.v0071_add_dev_version_to_intervals' from 'C:\\Users\\h.boulaayad\\AppData\\Local\\Programs\\Python\\Python313\\Lib\\site-packages\\sqlmesh\\migrations\\v0071_add_dev_version_to_intervals.py'> (migrator.py:177)
2025-09-08 11:21:45,294 - MainThread - sqlmesh.core.state_sync.db.migrator - INFO - Applying migration <module 'sqlmesh.migrations.v0072_add_environment_statements' from 'C:\\Users\\h.boulaayad\\AppData\\Local\\Programs\\Python\\Python313\\Lib\\site-packages\\sqlmesh\\migrations\\v0072_add_environment_statements.py'> (migrator.py:177)
2025-09-08 11:21:45,296 - MainThread - sqlmesh.core.state_sync.db.migrator - INFO - Applying migration <module 'sqlmesh.migrations.v0073_remove_symbolic_disable_restatement' from 'C:\\Users\\h.boulaayad\\AppData\\Local\\Programs\\Python\\Python313\\Lib\\site-packages\\sqlmesh\\migrations\\v0073_remove_symbolic_disable_restatement.py'> (migrator.py:177)
2025-09-08 11:21:45,297 - MainThread - sqlmesh.core.state_sync.db.migrator - INFO - Applying migration <module 'sqlmesh.migrations.v0074_add_partition_by_time_column_property' from 'C:\\Users\\h.boulaayad\\AppData\\Local\\Programs\\Python\\Python313\\Lib\\site-packages\\sqlmesh\\migrations\\v0074_add_partition_by_time_column_property.py'> (migrator.py:177)
2025-09-08 11:21:45,297 - MainThread - sqlmesh.core.state_sync.db.migrator - INFO - Applying migration <module 'sqlmesh.migrations.v0075_remove_validate_query' from 'C:\\Users\\h.boulaayad\\AppData\\Local\\Programs\\Python\\Python313\\Lib\\site-packages\\sqlmesh\\migrations\\v0075_remove_validate_query.py'> (migrator.py:177)
2025-09-08 11:21:45,299 - MainThread - sqlmesh.core.state_sync.db.migrator - INFO - Fetching environments (migrator.py:196)
2025-09-08 11:21:45,300 - MainThread - sqlmesh.core.state_sync.db.migrator - INFO - Migrating snapshot rows... (migrator.py:213)
2025-09-08 11:21:45,301 - MainThread - sqlmesh.core.state_sync.db.migrator - INFO - No changes to snapshots detected (migrator.py:206)
2025-09-08 11:22:35,944 - MainThread - sqlmesh.core.snapshot.evaluator - INFO - Listing data objects in schema db.sqlmesh__sqlmesh_example (evaluator.py:323)
2025-09-08 11:22:35,945 - MainThread - sqlmesh.core.engine_adapter.base - INFO - Executing SQL: SELECT CURRENT_CATALOG() (base.py:2113)
2025-09-08 11:22:35,946 - MainThread - sqlmesh.core.engine_adapter.base - INFO - Executing SQL: SELECT CURRENT_CATALOG() (base.py:2113)
2025-09-08 11:22:35,948 - MainThread - sqlmesh.core.engine_adapter.base - INFO - Executing SQL: SELECT table_name AS name, table_schema AS schema, CASE table_type WHEN 'BASE TABLE' THEN 'table' WHEN 'VIEW' THEN 'view' WHEN 'LOCAL TEMPORARY' THEN 'table' END AS type FROM system.information_schema.tables WHERE (table_catalog = 'db' AND table_schema = 'sqlmesh__sqlmesh_example') AND table_name IN ('sqlmesh_example__full_model__2278521865', 'sqlmesh_example__seed_model__2185867172', 'sqlmesh_example__incremental_model__1880815781') (base.py:2113)
2025-09-08 11:22:35,958 - MainThread - sqlmesh.core.snapshot.evaluator - INFO - Creating schema 'db.sqlmesh__sqlmesh_example' (evaluator.py:1068)
2025-09-08 11:22:35,959 - MainThread - sqlmesh.core.engine_adapter.base - INFO - Executing SQL: CREATE SCHEMA IF NOT EXISTS "db"."sqlmesh__sqlmesh_example" (base.py:2113)
2025-09-08 11:22:35,961 - MainThread - sqlmesh.core.snapshot.evaluator - INFO - Creating table 'db.sqlmesh__sqlmesh_example.sqlmesh_example__seed_model__2185867172' (evaluator.py:1420)
2025-09-08 11:22:35,962 - MainThread - sqlmesh.core.engine_adapter.base - INFO - Executing SQL: CREATE TABLE IF NOT EXISTS "db"."sqlmesh__sqlmesh_example"."sqlmesh_example__seed_model__2185867172" ("id" INT, "item_id" INT, "event_date" DATE) (base.py:2113)
2025-09-08 11:22:35,970 - MainThread - sqlmesh.core.engine_adapter.base - INFO - Executing SQL: CREATE OR REPLACE TABLE "db"."sqlmesh__sqlmesh_example"."sqlmesh_example__seed_model__2185867172" AS SELECT CAST("id" AS INT) AS "id", CAST("item_id" AS INT) AS "item_id", CAST("event_date" AS DATE) AS "event_date" FROM (SELECT "id", "item_id", "event_date" FROM "db"."sqlmesh__sqlmesh_example"."__temp_sqlmesh_example__seed_model__2185867172_l2jb9bqo") AS "_subquery" (base.py:2113)
2025-09-08 11:22:35,972 - MainThread - sqlmesh.core.engine_adapter.base - INFO - Executing SQL: DROP TABLE IF EXISTS "db"."sqlmesh__sqlmesh_example"."__temp_sqlmesh_example__seed_model__2185867172_l2jb9bqo" (base.py:2113)
2025-09-08 11:22:35,984 - MainThread - sqlmesh.core.snapshot.evaluator - INFO - Creating table 'db.sqlmesh__sqlmesh_example.sqlmesh_example__incremental_model__1880815781' (evaluator.py:1420)
2025-09-08 11:22:35,985 - MainThread - sqlmesh.core.engine_adapter.base - INFO - Executing SQL: CREATE TABLE IF NOT EXISTS "db"."sqlmesh__sqlmesh_example"."sqlmesh_example__incremental_model__1880815781" ("id" INT, "item_id" INT, "event_date" DATE) (base.py:2113)
2025-09-08 11:22:35,986 - MainThread - sqlmesh.core.snapshot.evaluator - INFO - Dry running model 'sqlmesh_example.incremental_model' (evaluator.py:1442)
2025-09-08 11:22:35,987 - MainThread - sqlmesh.core.engine_adapter.base - INFO - Executing SQL: SELECT "seed_model"."id" AS "id", "seed_model"."item_id" AS "item_id", "seed_model"."event_date" AS "event_date" FROM "db"."sqlmesh__sqlmesh_example"."sqlmesh_example__seed_model__2185867172" AS "seed_model" WHERE ("seed_model"."event_date" <= CAST('1970-01-01' AS DATE) AND "seed_model"."event_date" >= CAST('1970-01-01' AS DATE)) AND FALSE LIMIT 0 (base.py:2113)
2025-09-08 11:22:35,993 - MainThread - sqlmesh.core.snapshot.evaluator - INFO - Creating table 'db.sqlmesh__sqlmesh_example.sqlmesh_example__full_model__2278521865' (evaluator.py:1420)
2025-09-08 11:22:35,993 - MainThread - sqlmesh.core.engine_adapter.base - INFO - Executing SQL: CREATE TABLE IF NOT EXISTS "db"."sqlmesh__sqlmesh_example"."sqlmesh_example__full_model__2278521865" ("item_id" INT, "num_orders" BIGINT) (base.py:2113)
2025-09-08 11:22:35,995 - MainThread - sqlmesh.core.snapshot.evaluator - INFO - Dry running model 'sqlmesh_example.full_model' (evaluator.py:1442)
2025-09-08 11:22:35,995 - MainThread - sqlmesh.core.engine_adapter.base - INFO - Executing SQL: SELECT "incremental_model"."item_id" AS "item_id", COUNT(DISTINCT "incremental_model"."id") AS "num_orders" FROM "db"."sqlmesh__sqlmesh_example"."sqlmesh_example__incremental_model__1880815781" AS "incremental_model" WHERE FALSE GROUP BY "incremental_model"."item_id" LIMIT 0 (base.py:2113)
2025-09-08 11:22:36,034 - MainThread - sqlmesh.core.state_sync.db.facade - INFO - Adding interval (2025-09-07 00:00:00, 2025-09-08 00:00:00) for snapshot SnapshotId<"db"."sqlmesh_example"."seed_model": 3756018739> (facade.py:503)
2025-09-08 11:22:36,034 - MainThread - sqlmesh.core.state_sync.db.interval - INFO - Pushing intervals for snapshot SnapshotId<"db"."sqlmesh_example"."seed_model": 3756018739> (interval.py:210)
2025-09-08 11:22:36,049 - MainThread - sqlmesh.core.snapshot.evaluator - INFO - Evaluating snapshot SnapshotId<"db"."sqlmesh_example"."incremental_model": 1331121357> (evaluator.py:595)
2025-09-08 11:22:36,055 - MainThread - sqlmesh.core.snapshot.evaluator - INFO - Inserting batch (2020-01-01 00:00:00, 2025-09-08 00:00:00) into db.sqlmesh__sqlmesh_example.sqlmesh_example__incremental_model__1880815781' (evaluator.py:649)
2025-09-08 11:22:36,057 - MainThread - sqlmesh.core.engine_adapter.base - INFO - Executing SQL: DELETE FROM "db"."sqlmesh__sqlmesh_example"."sqlmesh_example__incremental_model__1880815781" WHERE "event_date" BETWEEN CAST('2020-01-01' AS DATE) AND CAST('2025-09-07' AS DATE) (base.py:2113)
2025-09-08 11:22:36,059 - MainThread - sqlmesh.core.engine_adapter.base - INFO - Executing SQL: INSERT INTO "db"."sqlmesh__sqlmesh_example"."sqlmesh_example__incremental_model__1880815781" ("id", "item_id", "event_date") SELECT "id", "item_id", "event_date" FROM (SELECT "seed_model"."id" AS "id", "seed_model"."item_id" AS "item_id", "seed_model"."event_date" AS "event_date" FROM "db"."sqlmesh__sqlmesh_example"."sqlmesh_example__seed_model__2185867172" AS "seed_model" WHERE "seed_model"."event_date" <= CAST('2025-09-07' AS DATE) AND "seed_model"."event_date" >= CAST('2020-01-01' AS DATE)) AS "_subquery" WHERE "event_date" BETWEEN CAST('2020-01-01' AS DATE) AND CAST('2025-09-07' AS DATE) (base.py:2113)
2025-09-08 11:22:36,061 - MainThread - sqlmesh.core.state_sync.db.facade - INFO - Adding interval (2020-01-01 00:00:00, 2025-09-08 00:00:00) for snapshot SnapshotId<"db"."sqlmesh_example"."incremental_model": 1331121357> (facade.py:503)
2025-09-08 11:22:36,062 - MainThread - sqlmesh.core.state_sync.db.interval - INFO - Pushing intervals for snapshot SnapshotId<"db"."sqlmesh_example"."incremental_model": 1331121357> (interval.py:210)
2025-09-08 11:22:36,078 - MainThread - sqlmesh.core.snapshot.evaluator - INFO - Evaluating snapshot SnapshotId<"db"."sqlmesh_example"."full_model": 3069661614> (evaluator.py:595)
2025-09-08 11:22:36,082 - MainThread - sqlmesh.core.snapshot.evaluator - INFO - Inserting batch (2025-09-07 00:00:00, 2025-09-08 00:00:00) into db.sqlmesh__sqlmesh_example.sqlmesh_example__full_model__2278521865' (evaluator.py:649)
2025-09-08 11:22:36,083 - MainThread - sqlmesh.core.engine_adapter.base - INFO - Executing SQL: CREATE OR REPLACE TABLE "db"."sqlmesh__sqlmesh_example"."sqlmesh_example__full_model__2278521865" AS SELECT CAST("item_id" AS INT) AS "item_id", CAST("num_orders" AS BIGINT) AS "num_orders" FROM (SELECT "incremental_model"."item_id" AS "item_id", COUNT(DISTINCT "incremental_model"."id") AS "num_orders" FROM "db"."sqlmesh__sqlmesh_example"."sqlmesh_example__incremental_model__1880815781" AS "incremental_model" GROUP BY "incremental_model"."item_id") AS "_subquery" (base.py:2113)
2025-09-08 11:22:36,088 - MainThread - sqlmesh.core.snapshot.evaluator - INFO - Auditing snapshot SnapshotId<"db"."sqlmesh_example"."full_model": 3069661614> (evaluator.py:501)
2025-09-08 11:22:36,089 - MainThread - sqlmesh.core.engine_adapter.base - INFO - Executing SQL: DESCRIBE "db"."sqlmesh__sqlmesh_example"."sqlmesh_example__full_model__2278521865" (base.py:2113)
2025-09-08 11:22:36,094 - MainThread - sqlmesh.core.engine_adapter.base - INFO - Executing SQL: SELECT COUNT(*) FROM (SELECT * FROM (SELECT * FROM "db"."sqlmesh__sqlmesh_example"."sqlmesh_example__full_model__2278521865" AS "sqlmesh_example__full_model__2278521865") AS "_q_0" WHERE "item_id" < 0) AS "audit" (base.py:2113)
2025-09-08 11:22:36,095 - MainThread - sqlmesh.core.state_sync.db.facade - INFO - Adding interval (2025-09-07 00:00:00, 2025-09-08 00:00:00) for snapshot SnapshotId<"db"."sqlmesh_example"."full_model": 3069661614> (facade.py:503)
2025-09-08 11:22:36,095 - MainThread - sqlmesh.core.state_sync.db.interval - INFO - Pushing intervals for snapshot SnapshotId<"db"."sqlmesh_example"."full_model": 3069661614> (interval.py:210)
2025-09-08 11:22:36,111 - MainThread - sqlmesh.core.state_sync.db.facade - INFO - Promoting environment 'prod' (facade.py:165)
2025-09-08 11:22:36,128 - MainThread - sqlmesh.core.state_sync.db.snapshot - INFO - Unpausing snapshot SnapshotId<"db"."sqlmesh_example"."full_model": 3069661614> (snapshot.py:144)
2025-09-08 11:22:36,129 - MainThread - sqlmesh.core.state_sync.db.snapshot - INFO - Unpausing snapshot SnapshotId<"db"."sqlmesh_example"."incremental_model": 1331121357> (snapshot.py:144)
2025-09-08 11:22:36,129 - MainThread - sqlmesh.core.state_sync.db.snapshot - INFO - Unpausing snapshot SnapshotId<"db"."sqlmesh_example"."seed_model": 3756018739> (snapshot.py:144)
2025-09-08 11:22:36,134 - MainThread - sqlmesh.core.snapshot.evaluator - INFO - Creating schema 'db.sqlmesh_example' (evaluator.py:1068)
2025-09-08 11:22:36,134 - MainThread - sqlmesh.core.engine_adapter.base - INFO - Executing SQL: CREATE SCHEMA IF NOT EXISTS "db"."sqlmesh_example" (base.py:2113)
2025-09-08 11:22:36,136 - MainThread - sqlmesh.core.snapshot.evaluator - INFO - Updating view 'db.sqlmesh_example.seed_model' to point at table 'db.sqlmesh__sqlmesh_example.sqlmesh_example__seed_model__2185867172' (evaluator.py:1375)
2025-09-08 11:22:36,136 - MainThread - sqlmesh.core.engine_adapter.base - INFO - Executing SQL: CREATE OR REPLACE VIEW "db"."sqlmesh_example"."seed_model" AS SELECT * FROM "db"."sqlmesh__sqlmesh_example"."sqlmesh_example__seed_model__2185867172" (base.py:2113)
2025-09-08 11:22:36,139 - MainThread - sqlmesh.core.snapshot.evaluator - INFO - Updating view 'db.sqlmesh_example.incremental_model' to point at table 'db.sqlmesh__sqlmesh_example.sqlmesh_example__incremental_model__1880815781' (evaluator.py:1375)
2025-09-08 11:22:36,140 - MainThread - sqlmesh.core.engine_adapter.base - INFO - Executing SQL: CREATE OR REPLACE VIEW "db"."sqlmesh_example"."incremental_model" AS SELECT * FROM "db"."sqlmesh__sqlmesh_example"."sqlmesh_example__incremental_model__1880815781" (base.py:2113)
2025-09-08 11:22:36,142 - MainThread - sqlmesh.core.snapshot.evaluator - INFO - Updating view 'db.sqlmesh_example.full_model' to point at table 'db.sqlmesh__sqlmesh_example.sqlmesh_example__full_model__2278521865' (evaluator.py:1375)
2025-09-08 11:22:36,143 - MainThread - sqlmesh.core.engine_adapter.base - INFO - Executing SQL: CREATE OR REPLACE VIEW "db"."sqlmesh_example"."full_model" AS SELECT * FROM "db"."sqlmesh__sqlmesh_example"."sqlmesh_example__full_model__2278521865" (base.py:2113)
2025-09-08 11:22:36,147 - MainThread - sqlmesh.core.state_sync.db.environment - INFO - Finalizing environment 'prod' (environment.py:135)
2025-09-08 11:22:36,180 - MainThread - root - INFO - Shutting down the event dispatcher (dispatcher.py:159)
